nohup: ignoring input
---人民日报文章爬取系统---
正在下载 2023/05/01 的文章...
已下载 2023/05/01 的 38 篇文章
正在下载 2023/05/02 的文章...
已下载 2023/05/02 的 36 篇文章
正在下载 2023/05/03 的文章...
已下载 2023/05/03 的 36 篇文章
正在下载 2023/05/04 的文章...
已下载 2023/05/04 的 80 篇文章
正在下载 2023/05/05 的文章...
已下载 2023/05/05 的 105 篇文章
正在下载 2023/05/06 的文章...
已下载 2023/05/06 的 48 篇文章
正在下载 2023/05/07 的文章...
已下载 2023/05/07 的 41 篇文章
正在下载 2023/05/08 的文章...
已下载 2023/05/08 的 99 篇文章
正在下载 2023/05/09 的文章...
已下载 2023/05/09 的 113 篇文章
正在下载 2023/05/10 的文章...
已下载 2023/05/10 的 90 篇文章
正在下载 2023/05/11 的文章...
已下载 2023/05/11 的 96 篇文章
正在下载 2023/05/12 的文章...
已下载 2023/05/12 的 107 篇文章
正在下载 2023/05/13 的文章...
已下载 2023/05/13 的 43 篇文章
正在下载 2023/05/14 的文章...
已下载 2023/05/14 的 40 篇文章
正在下载 2023/05/15 的文章...
已下载 2023/05/15 的 89 篇文章
正在下载 2023/05/16 的文章...
已下载 2023/05/16 的 102 篇文章
正在下载 2023/05/17 的文章...
已下载 2023/05/17 的 108 篇文章
正在下载 2023/05/18 的文章...
已下载 2023/05/18 的 101 篇文章
正在下载 2023/05/19 的文章...
已下载 2023/05/19 的 90 篇文章
正在下载 2023/05/20 的文章...
已下载 2023/05/20 的 47 篇文章
正在下载 2023/05/21 的文章...
已下载 2023/05/21 的 29 篇文章
正在下载 2023/05/22 的文章...
已下载 2023/05/22 的 94 篇文章
正在下载 2023/05/23 的文章...
已下载 2023/05/23 的 112 篇文章
正在下载 2023/05/24 的文章...
已下载 2023/05/24 的 104 篇文章
正在下载 2023/05/25 的文章...
已下载 2023/05/25 的 101 篇文章
正在下载 2023/05/26 的文章...
已下载 2023/05/26 的 101 篇文章
正在下载 2023/05/27 的文章...
已下载 2023/05/27 的 50 篇文章
正在下载 2023/05/28 的文章...
已下载 2023/05/28 的 41 篇文章
正在下载 2023/05/29 的文章...
已下载 2023/05/29 的 100 篇文章
正在下载 2023/05/30 的文章...
已下载 2023/05/30 的 93 篇文章
正在下载 2023/05/31 的文章...
已下载 2023/05/31 的 98 篇文章
正在下载 2023/06/01 的文章...
已下载 2023/06/01 的 92 篇文章
正在下载 2023/06/02 的文章...
已下载 2023/06/02 的 105 篇文章
正在下载 2023/06/03 的文章...
已下载 2023/06/03 的 45 篇文章
正在下载 2023/06/04 的文章...
已下载 2023/06/04 的 28 篇文章
正在下载 2023/06/05 的文章...
已下载 2023/06/05 的 99 篇文章
正在下载 2023/06/06 的文章...
已下载 2023/06/06 的 92 篇文章
正在下载 2023/06/07 的文章...
已下载 2023/06/07 的 101 篇文章
正在下载 2023/06/08 的文章...
已下载 2023/06/08 的 108 篇文章
正在下载 2023/06/09 的文章...
已下载 2023/06/09 的 100 篇文章
正在下载 2023/06/10 的文章...
已下载 2023/06/10 的 48 篇文章
正在下载 2023/06/11 的文章...
已下载 2023/06/11 的 39 篇文章
正在下载 2023/06/12 的文章...
已下载 2023/06/12 的 91 篇文章
正在下载 2023/06/13 的文章...
已下载 2023/06/13 的 118 篇文章
正在下载 2023/06/14 的文章...
已下载 2023/06/14 的 109 篇文章
正在下载 2023/06/15 的文章...
已下载 2023/06/15 的 103 篇文章
正在下载 2023/06/16 的文章...
已下载 2023/06/16 的 102 篇文章
正在下载 2023/06/17 的文章...
已下载 2023/06/17 的 43 篇文章
正在下载 2023/06/18 的文章...
已下载 2023/06/18 的 38 篇文章
正在下载 2023/06/19 的文章...
已下载 2023/06/19 的 91 篇文章
正在下载 2023/06/20 的文章...
已下载 2023/06/20 的 89 篇文章
正在下载 2023/06/21 的文章...
已下载 2023/06/21 的 99 篇文章
正在下载 2023/06/22 的文章...
已下载 2023/06/22 的 43 篇文章
正在下载 2023/06/23 的文章...
已下载 2023/06/23 的 32 篇文章
正在下载 2023/06/24 的文章...
已下载 2023/06/24 的 35 篇文章
正在下载 2023/06/25 的文章...
已下载 2023/06/25 的 30 篇文章
正在下载 2023/06/26 的文章...
已下载 2023/06/26 的 98 篇文章
正在下载 2023/06/27 的文章...
已下载 2023/06/27 的 99 篇文章
正在下载 2023/06/28 的文章...
已下载 2023/06/28 的 92 篇文章
正在下载 2023/06/29 的文章...
已下载 2023/06/29 的 115 篇文章
正在下载 2023/06/30 的文章...
已下载 2023/06/30 的 93 篇文章
正在下载 2023/07/01 的文章...
已下载 2023/07/01 的 36 篇文章
正在下载 2023/07/02 的文章...
已下载 2023/07/02 的 39 篇文章
正在下载 2023/07/03 的文章...
已下载 2023/07/03 的 102 篇文章
正在下载 2023/07/04 的文章...
已下载 2023/07/04 的 114 篇文章
正在下载 2023/07/05 的文章...
已下载 2023/07/05 的 107 篇文章
正在下载 2023/07/06 的文章...
已下载 2023/07/06 的 108 篇文章
正在下载 2023/07/07 的文章...
已下载 2023/07/07 的 114 篇文章
正在下载 2023/07/08 的文章...
已下载 2023/07/08 的 40 篇文章
正在下载 2023/07/09 的文章...
已下载 2023/07/09 的 40 篇文章
正在下载 2023/07/10 的文章...
已下载 2023/07/10 的 97 篇文章
正在下载 2023/07/11 的文章...
已下载 2023/07/11 的 120 篇文章
正在下载 2023/07/12 的文章...
已下载 2023/07/12 的 104 篇文章
正在下载 2023/07/13 的文章...
已下载 2023/07/13 的 102 篇文章
正在下载 2023/07/14 的文章...
已下载 2023/07/14 的 93 篇文章
正在下载 2023/07/15 的文章...
已下载 2023/07/15 的 40 篇文章
正在下载 2023/07/16 的文章...
已下载 2023/07/16 的 37 篇文章
正在下载 2023/07/17 的文章...
已下载 2023/07/17 的 104 篇文章
正在下载 2023/07/18 的文章...
已下载 2023/07/18 的 98 篇文章
正在下载 2023/07/19 的文章...
已下载 2023/07/19 的 94 篇文章
正在下载 2023/07/20 的文章...
已下载 2023/07/20 的 106 篇文章
正在下载 2023/07/21 的文章...
已下载 2023/07/21 的 87 篇文章
正在下载 2023/07/22 的文章...
已下载 2023/07/22 的 42 篇文章
正在下载 2023/07/23 的文章...
已下载 2023/07/23 的 33 篇文章
正在下载 2023/07/24 的文章...
已下载 2023/07/24 的 99 篇文章
正在下载 2023/07/25 的文章...
已下载 2023/07/25 的 116 篇文章
正在下载 2023/07/26 的文章...
已下载 2023/07/26 的 115 篇文章
正在下载 2023/07/27 的文章...
已下载 2023/07/27 的 100 篇文章
正在下载 2023/07/28 的文章...
已下载 2023/07/28 的 96 篇文章
正在下载 2023/07/29 的文章...
已下载 2023/07/29 的 45 篇文章
正在下载 2023/07/30 的文章...
已下载 2023/07/30 的 39 篇文章
正在下载 2023/07/31 的文章...
已下载 2023/07/31 的 106 篇文章
正在下载 2023/08/01 的文章...
已下载 2023/08/01 的 107 篇文章
正在下载 2023/08/02 的文章...
已下载 2023/08/02 的 107 篇文章
正在下载 2023/08/03 的文章...
已下载 2023/08/03 的 101 篇文章
正在下载 2023/08/04 的文章...
已下载 2023/08/04 的 86 篇文章
正在下载 2023/08/05 的文章...
已下载 2023/08/05 的 43 篇文章
正在下载 2023/08/06 的文章...
已下载 2023/08/06 的 35 篇文章
正在下载 2023/08/07 的文章...
已下载 2023/08/07 的 77 篇文章
正在下载 2023/08/08 的文章...
已下载 2023/08/08 的 91 篇文章
正在下载 2023/08/09 的文章...
已下载 2023/08/09 的 106 篇文章
正在下载 2023/08/10 的文章...
已下载 2023/08/10 的 98 篇文章
正在下载 2023/08/11 的文章...
已下载 2023/08/11 的 94 篇文章
正在下载 2023/08/12 的文章...
已下载 2023/08/12 的 38 篇文章
正在下载 2023/08/13 的文章...
已下载 2023/08/13 的 36 篇文章
正在下载 2023/08/14 的文章...
已下载 2023/08/14 的 100 篇文章
正在下载 2023/08/15 的文章...
已下载 2023/08/15 的 103 篇文章
正在下载 2023/08/16 的文章...
已下载 2023/08/16 的 104 篇文章
正在下载 2023/08/17 的文章...
已下载 2023/08/17 的 96 篇文章
正在下载 2023/08/18 的文章...
已下载 2023/08/18 的 98 篇文章
正在下载 2023/08/19 的文章...
已下载 2023/08/19 的 42 篇文章
正在下载 2023/08/20 的文章...
已下载 2023/08/20 的 33 篇文章
正在下载 2023/08/21 的文章...
已下载 2023/08/21 的 108 篇文章
正在下载 2023/08/22 的文章...
已下载 2023/08/22 的 99 篇文章
正在下载 2023/08/23 的文章...
已下载 2023/08/23 的 105 篇文章
正在下载 2023/08/24 的文章...
已下载 2023/08/24 的 109 篇文章
正在下载 2023/08/25 的文章...
已下载 2023/08/25 的 113 篇文章
正在下载 2023/08/26 的文章...
已下载 2023/08/26 的 37 篇文章
正在下载 2023/08/27 的文章...
已下载 2023/08/27 的 30 篇文章
正在下载 2023/08/28 的文章...
已下载 2023/08/28 的 99 篇文章
正在下载 2023/08/29 的文章...
已下载 2023/08/29 的 102 篇文章
正在下载 2023/08/30 的文章...
已下载 2023/08/30 的 81 篇文章
正在下载 2023/08/31 的文章...
已下载 2023/08/31 的 107 篇文章
正在下载 2023/09/01 的文章...
已下载 2023/09/01 的 102 篇文章
正在下载 2023/09/02 的文章...
已下载 2023/09/02 的 59 篇文章
正在下载 2023/09/03 的文章...
已下载 2023/09/03 的 34 篇文章
正在下载 2023/09/04 的文章...
已下载 2023/09/04 的 90 篇文章
正在下载 2023/09/05 的文章...
已下载 2023/09/05 的 99 篇文章
正在下载 2023/09/06 的文章...
已下载 2023/09/06 的 105 篇文章
正在下载 2023/09/07 的文章...
已下载 2023/09/07 的 104 篇文章
正在下载 2023/09/08 的文章...
已下载 2023/09/08 的 100 篇文章
正在下载 2023/09/09 的文章...
已下载 2023/09/09 的 49 篇文章
正在下载 2023/09/10 的文章...
已下载 2023/09/10 的 42 篇文章
正在下载 2023/09/11 的文章...
已下载 2023/09/11 的 99 篇文章
正在下载 2023/09/12 的文章...
已下载 2023/09/12 的 110 篇文章
正在下载 2023/09/13 的文章...
已下载 2023/09/13 的 101 篇文章
正在下载 2023/09/14 的文章...
已下载 2023/09/14 的 108 篇文章
正在下载 2023/09/15 的文章...
已下载 2023/09/15 的 98 篇文章
正在下载 2023/09/16 的文章...
已下载 2023/09/16 的 43 篇文章
正在下载 2023/09/17 的文章...
已下载 2023/09/17 的 39 篇文章
正在下载 2023/09/18 的文章...
已下载 2023/09/18 的 108 篇文章
正在下载 2023/09/19 的文章...
已下载 2023/09/19 的 93 篇文章
正在下载 2023/09/20 的文章...
已下载 2023/09/20 的 82 篇文章
正在下载 2023/09/21 的文章...
已下载 2023/09/21 的 90 篇文章
正在下载 2023/09/22 的文章...
已下载 2023/09/22 的 92 篇文章
正在下载 2023/09/23 的文章...
已下载 2023/09/23 的 46 篇文章
正在下载 2023/09/24 的文章...
已下载 2023/09/24 的 32 篇文章
正在下载 2023/09/25 的文章...
已下载 2023/09/25 的 80 篇文章
正在下载 2023/09/26 的文章...
已下载 2023/09/26 的 82 篇文章
正在下载 2023/09/27 的文章...
已下载 2023/09/27 的 91 篇文章
正在下载 2023/09/28 的文章...
已下载 2023/09/28 的 75 篇文章
正在下载 2023/09/29 的文章...
已下载 2023/09/29 的 45 篇文章
正在下载 2023/09/30 的文章...
已下载 2023/09/30 的 37 篇文章
正在下载 2023/10/01 的文章...
已下载 2023/10/01 的 36 篇文章
正在下载 2023/10/02 的文章...
已下载 2023/10/02 的 34 篇文章
正在下载 2023/10/03 的文章...
已下载 2023/10/03 的 36 篇文章
正在下载 2023/10/04 的文章...
已下载 2023/10/04 的 31 篇文章
正在下载 2023/10/05 的文章...
已下载 2023/10/05 的 34 篇文章
正在下载 2023/10/06 的文章...
已下载 2023/10/06 的 38 篇文章
正在下载 2023/10/07 的文章...
已下载 2023/10/07 的 32 篇文章
正在下载 2023/10/08 的文章...
已下载 2023/10/08 的 36 篇文章
正在下载 2023/10/09 的文章...
已下载 2023/10/09 的 89 篇文章
正在下载 2023/10/10 的文章...
已下载 2023/10/10 的 97 篇文章
正在下载 2023/10/11 的文章...
已下载 2023/10/11 的 79 篇文章
正在下载 2023/10/12 的文章...
已下载 2023/10/12 的 93 篇文章
正在下载 2023/10/13 的文章...
已下载 2023/10/13 的 85 篇文章
正在下载 2023/10/14 的文章...
已下载 2023/10/14 的 39 篇文章
正在下载 2023/10/15 的文章...
已下载 2023/10/15 的 32 篇文章
正在下载 2023/10/16 的文章...
已下载 2023/10/16 的 86 篇文章
正在下载 2023/10/17 的文章...
已下载 2023/10/17 的 86 篇文章
正在下载 2023/10/18 的文章...
已下载 2023/10/18 的 91 篇文章
正在下载 2023/10/19 的文章...
已下载 2023/10/19 的 93 篇文章
正在下载 2023/10/20 的文章...
已下载 2023/10/20 的 101 篇文章
正在下载 2023/10/21 的文章...
已下载 2023/10/21 的 37 篇文章
正在下载 2023/10/22 的文章...
已下载 2023/10/22 的 38 篇文章
正在下载 2023/10/23 的文章...
已下载 2023/10/23 的 90 篇文章
正在下载 2023/10/24 的文章...
已下载 2023/10/24 的 79 篇文章
正在下载 2023/10/25 的文章...
已下载 2023/10/25 的 93 篇文章
正在下载 2023/10/26 的文章...
已下载 2023/10/26 的 89 篇文章
正在下载 2023/10/27 的文章...
已下载 2023/10/27 的 86 篇文章
正在下载 2023/10/28 的文章...
已下载 2023/10/28 的 52 篇文章
正在下载 2023/10/29 的文章...
已下载 2023/10/29 的 40 篇文章
正在下载 2023/10/30 的文章...
已下载 2023/10/30 的 109 篇文章
正在下载 2023/10/31 的文章...
已下载 2023/10/31 的 105 篇文章
正在下载 2023/11/01 的文章...
已下载 2023/11/01 的 101 篇文章
正在下载 2023/11/02 的文章...
已下载 2023/11/02 的 101 篇文章
正在下载 2023/11/03 的文章...
已下载 2023/11/03 的 93 篇文章
正在下载 2023/11/04 的文章...
已下载 2023/11/04 的 50 篇文章
正在下载 2023/11/05 的文章...
已下载 2023/11/05 的 36 篇文章
正在下载 2023/11/06 的文章...
已下载 2023/11/06 的 91 篇文章
正在下载 2023/11/07 的文章...
已下载 2023/11/07 的 77 篇文章
正在下载 2023/11/08 的文章...
已下载 2023/11/08 的 90 篇文章
正在下载 2023/11/09 的文章...
已下载 2023/11/09 的 92 篇文章
正在下载 2023/11/10 的文章...
已下载 2023/11/10 的 88 篇文章
正在下载 2023/11/11 的文章...
已下载 2023/11/11 的 34 篇文章
正在下载 2023/11/12 的文章...
已下载 2023/11/12 的 39 篇文章
正在下载 2023/11/13 的文章...
已下载 2023/11/13 的 89 篇文章
正在下载 2023/11/14 的文章...
已下载 2023/11/14 的 97 篇文章
正在下载 2023/11/15 的文章...
已下载 2023/11/15 的 97 篇文章
正在下载 2023/11/16 的文章...
已下载 2023/11/16 的 96 篇文章
正在下载 2023/11/17 的文章...
已下载 2023/11/17 的 90 篇文章
正在下载 2023/11/18 的文章...
已下载 2023/11/18 的 44 篇文章
正在下载 2023/11/19 的文章...
已下载 2023/11/19 的 30 篇文章
正在下载 2023/11/20 的文章...
已下载 2023/11/20 的 105 篇文章
正在下载 2023/11/21 的文章...
已下载 2023/11/21 的 99 篇文章
正在下载 2023/11/22 的文章...
已下载 2023/11/22 的 88 篇文章
正在下载 2023/11/23 的文章...
已下载 2023/11/23 的 107 篇文章
正在下载 2023/11/24 的文章...
已下载 2023/11/24 的 112 篇文章
正在下载 2023/11/25 的文章...
已下载 2023/11/25 的 41 篇文章
正在下载 2023/11/26 的文章...
已下载 2023/11/26 的 38 篇文章
正在下载 2023/11/27 的文章...
已下载 2023/11/27 的 80 篇文章
正在下载 2023/11/28 的文章...
已下载 2023/11/28 的 92 篇文章
正在下载 2023/11/29 的文章...
已下载 2023/11/29 的 99 篇文章
正在下载 2023/11/30 的文章...
已下载 2023/11/30 的 88 篇文章
正在下载 2023/12/01 的文章...
已下载 2023/12/01 的 98 篇文章
正在下载 2023/12/02 的文章...
已下载 2023/12/02 的 44 篇文章
正在下载 2023/12/03 的文章...
已下载 2023/12/03 的 42 篇文章
正在下载 2023/12/04 的文章...2025-05-19 18:50:05,568 - ERROR - 获取URL失败: http://paper.people.com.cn/rmrb/html/2023-12/14/nbs.D110000renmrb_16.htm, 错误: 404 Client Error: Not Found for url: http://paper.people.com.cn/rmrb/html/2023-12/14/nbs.D110000renmrb_16.htm
2025-05-19 18:50:05,568 - WARNING - 无法获取标题列表: http://paper.people.com.cn/rmrb/html/2023-12/14/nbs.D110000renmrb_16.htm
2025-05-19 18:51:50,284 - ERROR - 获取URL失败: http://paper.people.com.cn/rmrb/html/2023-12/18/nbs.D110000renmrb_16.htm, 错误: 404 Client Error: Not Found for url: http://paper.people.com.cn/rmrb/html/2023-12/18/nbs.D110000renmrb_16.htm
2025-05-19 18:51:50,285 - WARNING - 无法获取标题列表: http://paper.people.com.cn/rmrb/html/2023-12/18/nbs.D110000renmrb_16.htm
2025-05-19 18:53:21,516 - ERROR - 获取URL失败: http://paper.people.com.cn/rmrb/html/2023-12/21/nbs.D110000renmrb_19.htm, 错误: 404 Client Error: Not Found for url: http://paper.people.com.cn/rmrb/html/2023-12/21/nbs.D110000renmrb_19.htm
2025-05-19 18:53:21,517 - WARNING - 无法获取标题列表: http://paper.people.com.cn/rmrb/html/2023-12/21/nbs.D110000renmrb_19.htm
2025-05-19 18:56:46,003 - ERROR - 获取URL失败: http://paper.people.com.cn/rmrb/html/2023-12/28/nbs.D110000renmrb_20.htm, 错误: 404 Client Error: Not Found for url: http://paper.people.com.cn/rmrb/html/2023-12/28/nbs.D110000renmrb_20.htm
2025-05-19 18:56:46,004 - WARNING - 无法获取标题列表: http://paper.people.com.cn/rmrb/html/2023-12/28/nbs.D110000renmrb_20.htm
2025-05-19 18:58:43,257 - ERROR - 获取URL失败: http://paper.people.com.cn/rmrb/html/2024-01/02/nbs.D110000renmrb_19.htm, 错误: 404 Client Error: Not Found for url: http://paper.people.com.cn/rmrb/html/2024-01/02/nbs.D110000renmrb_19.htm
2025-05-19 18:58:43,257 - WARNING - 无法获取标题列表: http://paper.people.com.cn/rmrb/html/2024-01/02/nbs.D110000renmrb_19.htm
2025-05-19 19:00:32,530 - ERROR - 获取URL失败: http://paper.people.com.cn/rmrb/html/2024-01/04/nbs.D110000renmrb_15.htm, 错误: 404 Client Error: Not Found for url: http://paper.people.com.cn/rmrb/html/2024-01/04/nbs.D110000renmrb_15.htm
2025-05-19 19:00:32,530 - WARNING - 无法获取标题列表: http://paper.people.com.cn/rmrb/html/2024-01/04/nbs.D110000renmrb_15.htm
2025-05-19 19:02:13,002 - ERROR - 获取URL失败: http://paper.people.com.cn/rmrb/html/2024-01/09/nbs.D110000renmrb_15.htm, 错误: 404 Client Error: Not Found for url: http://paper.people.com.cn/rmrb/html/2024-01/09/nbs.D110000renmrb_15.htm
2025-05-19 19:02:13,002 - WARNING - 无法获取标题列表: http://paper.people.com.cn/rmrb/html/2024-01/09/nbs.D110000renmrb_15.htm
2025-05-19 19:02:55,898 - ERROR - 获取URL失败: http://paper.people.com.cn/rmrb/html/2024-01/11/nbs.D110000renmrb_15.htm, 错误: 404 Client Error: Not Found for url: http://paper.people.com.cn/rmrb/html/2024-01/11/nbs.D110000renmrb_15.htm
2025-05-19 19:02:55,898 - WARNING - 无法获取标题列表: http://paper.people.com.cn/rmrb/html/2024-01/11/nbs.D110000renmrb_15.htm
2025-05-19 19:04:24,595 - ERROR - 获取URL失败: http://paper.people.com.cn/rmrb/html/2024-01/16/nbs.D110000renmrb_16.htm, 错误: 404 Client Error: Not Found for url: http://paper.people.com.cn/rmrb/html/2024-01/16/nbs.D110000renmrb_16.htm
2025-05-19 19:04:24,595 - WARNING - 无法获取标题列表: http://paper.people.com.cn/rmrb/html/2024-01/16/nbs.D110000renmrb_16.htm
2025-05-19 19:05:04,014 - ERROR - 获取URL失败: http://paper.people.com.cn/rmrb/html/2024-01/18/nbs.D110000renmrb_15.htm, 错误: 404 Client Error: Not Found for url: http://paper.people.com.cn/rmrb/html/2024-01/18/nbs.D110000renmrb_15.htm
2025-05-19 19:05:04,014 - WARNING - 无法获取标题列表: http://paper.people.com.cn/rmrb/html/2024-01/18/nbs.D110000renmrb_15.htm
2025-05-19 19:06:24,423 - ERROR - 获取URL失败: http://paper.people.com.cn/rmrb/html/2024-01/23/nbs.D110000renmrb_15.htm, 错误: 404 Client Error: Not Found for url: http://paper.people.com.cn/rmrb/html/2024-01/23/nbs.D110000renmrb_15.htm
2025-05-19 19:06:24,423 - WARNING - 无法获取标题列表: http://paper.people.com.cn/rmrb/html/2024-01/23/nbs.D110000renmrb_15.htm
2025-05-19 19:07:10,012 - ERROR - 获取URL失败: http://paper.people.com.cn/rmrb/html/2024-01/25/nbs.D110000renmrb_15.htm, 错误: 404 Client Error: Not Found for url: http://paper.people.com.cn/rmrb/html/2024-01/25/nbs.D110000renmrb_15.htm
2025-05-19 19:07:10,012 - WARNING - 无法获取标题列表: http://paper.people.com.cn/rmrb/html/2024-01/25/nbs.D110000renmrb_15.htm
2025-05-19 19:08:38,821 - ERROR - 获取URL失败: http://paper.people.com.cn/rmrb/html/2024-01/30/nbs.D110000renmrb_15.htm, 错误: 404 Client Error: Not Found for url: http://paper.people.com.cn/rmrb/html/2024-01/30/nbs.D110000renmrb_15.htm
2025-05-19 19:08:38,821 - WARNING - 无法获取标题列表: http://paper.people.com.cn/rmrb/html/2024-01/30/nbs.D110000renmrb_15.htm
2025-05-19 19:09:19,791 - ERROR - 获取URL失败: http://paper.people.com.cn/rmrb/html/2024-02/01/nbs.D110000renmrb_15.htm, 错误: 404 Client Error: Not Found for url: http://paper.people.com.cn/rmrb/html/2024-02/01/nbs.D110000renmrb_15.htm
2025-05-19 19:09:19,791 - WARNING - 无法获取标题列表: http://paper.people.com.cn/rmrb/html/2024-02/01/nbs.D110000renmrb_15.htm
2025-05-19 19:10:33,698 - ERROR - 获取URL失败: http://paper.people.com.cn/rmrb/html/2024-02/06/nbs.D110000renmrb_15.htm, 错误: 404 Client Error: Not Found for url: http://paper.people.com.cn/rmrb/html/2024-02/06/nbs.D110000renmrb_15.htm
2025-05-19 19:10:33,698 - WARNING - 无法获取标题列表: http://paper.people.com.cn/rmrb/html/2024-02/06/nbs.D110000renmrb_15.htm
